Get latest token.
Fresh new Store Info.
[0mGET /getEvents [36m304 [0m6.273 ms - -[0m
Get latest token.
Fresh new Store Info.
Get latest token.
Fresh new Store Info.
Get latest token.
Fresh new Store Info.
Get latest token.
Fresh new Store Info.
Fresh new Store Info.
Get latest token.
Get latest token.
Fresh new Store Info.
Get latest token.
Fresh new Store Info.
Get latest token.
Fresh new Store Info.
[0mGET /getStoreInfo [32m200 [0m15.472 ms - 1169[0m
Get latest token.
Fresh new Store Info.
Get latest token.
Fresh new Store Info.
Get latest token.
Fresh new Store Info.
Get latest token.
Fresh new Store Info.
[0mGET /getToken [32m200 [0m4.414 ms - 423[0m
Get latest token.
Fresh new Store Info.
Get latest token.
Fresh new Store Info.
problem with request: getaddrinfo ENOTFOUND db.kimacloud.com db.kimacloud.com:80
problem with request: getaddrinfo ENOTFOUND db.kimacloud.com db.kimacloud.com:80
Fresh new Store Info.
Get latest token.
Get latest token.
Fresh new Store Info.
Get latest token.
Fresh new Store Info.
Fresh new Store Info.
Get latest token.
Fresh new Store Info.
Get latest token.
Fresh new Store Info.
Get latest token.
Fresh new Store Info.
Get latest token.
Get latest token.
Fresh new Store Info.
Fresh new Store Info.
Get latest token.
Fresh new Store Info.
Get latest token.
Get latest token.
Fresh new Store Info.
Get latest token.
Fresh new Store Info.
Get latest token.
Fresh new Store Info.
Get latest token.
Fresh new Store Info.
Get latest token.
Fresh new Store Info.
Get latest token.
Fresh new Store Info.
Get latest token.
Fresh new Store Info.
Get latest token.
Fresh new Store Info.
Fresh new Store Info.
Get latest token.
Fresh new Store Info.
Get latest token.
Get latest token.
Fresh new Store Info.
Fresh new Store Info.
Get latest token.
Get latest token.
Fresh new Store Info.
Get latest token.
Fresh new Store Info.
Get latest token.
Fresh new Store Info.
Get latest token.
Fresh new Store Info.
Fresh new Store Info.
Get latest token.
Get latest token.
Fresh new Store Info.
Get latest token.
Fresh new Store Info.
Get latest token.
Fresh new Store Info.
Get latest token.
Fresh new Store Info.
Get latest token.
Fresh new Store Info.
Get latest token.
Fresh new Store Info.
Get latest token.
Fresh new Store Info.
Get latest token.
Fresh new Store Info.
Get latest token.
Fresh new Store Info.
Get latest token.
Fresh new Store Info.
Fresh new Store Info.
Get latest token.
Get latest token.
Fresh new Store Info.
Get latest token.
Fresh new Store Info.
Get latest token.
Fresh new Store Info.
Fresh new Store Info.
Get latest token.
Get latest token.
Fresh new Store Info.
Get latest token.
Fresh new Store Info.
Fresh new Store Info.
Get latest token.
Fresh new Store Info.
Get latest token.
Fresh new Store Info.
Get latest token.
Get latest token.
Fresh new Store Info.
Get latest token.
Fresh new Store Info.
